==== 同步运行开始 2025-12-31 06:00:22 ====
📥 正在下载 Ace 来自 https://8815.kstore.vip/tvbox/Ace ...
🔄 文件有变化：Ace
⚠️ 跳过空行或注释： 
==== 同步运行结束 ====
==== 同步运行开始 2025-12-31 07:58:34 ====
📅 当前同步时间配置：0 0 * * *
📥 正在下载：https://8815.kstore.vip/tvbox/Ace 
❌ 下载失败：https://8815.kstore.vip/tvbox/Ace 
==== 同步运行结束 ====
==== 同步运行开始 2025-12-31 08:12:30 ====
📅 当前同步时间配置：0 0 * * *
📥 正在下载：https://8815.kstore.vip/tvbox/Ace 
❌ 下载失败：https://8815.kstore.vip/tvbox/Ace 
==== 同步运行结束 ====
==== 同步运行开始 2025-12-31 08:19:35 ====
📅 当前同步时间配置：0 0 * * *
📥 正在下载：https://8815.kstore.vip/tvbox/Ace 
❌ 下载失败：https://8815.kstore.vip/tvbox/Ace 
==== 同步运行结束 ====
==== 同步运行开始 2025-12-31 08:27:26 ====
📅 当前同步时间配置：0 0 * * *
📥 正在下载：https://8815.kstore.vip/tvbox/Ace 
❌ 下载失败：https://8815.kstore.vip/tvbox/Ace 
📥 正在下载：https://example.com/file.txt 
❌ 下载失败：https://example.com/file.txt 
📥 正在下载：https://example.com/config.json 
❌ 下载失败：https://example.com/config.json 
📥 正在下载：https://example.com/data 
❌ 下载失败：https://example.com/data 
==== 同步运行结束 ====
